2022-09-09 16:44:43,302 [MainThread] INFO: setting language to: en_US
2022-09-09 16:44:45,677 [Dummy-1] INFO: set_stroke_filename(C:\Users\crrhe\AppData\Local\plover\plover\strokes.log)
2022-09-09 16:44:45,677 [Dummy-1] INFO: loading system: English Stenotype
2022-09-09 16:44:47,507 [Dummy-1] INFO: setting machine: Keyboard
2022-09-09 16:44:47,764 [Dummy-1] WARNING: the following registry key has been updated, you should reboot: HKEY_CURRENT_USER\Control Panel\Desktop\LowLevelHooksTimeout
2022-09-09 16:44:51,514 [Dummy-1] INFO: recreating c:\users\crrhe\appdata\local\plover\plover\user.json from asset:plover:assets\user.json
2022-09-09 16:44:51,514 [Dummy-1] INFO: recreating c:\users\crrhe\appdata\local\plover\plover\commands.json from asset:plover:assets\commands.json
2022-09-09 16:44:51,605 [Dummy-1] INFO: recreating c:\users\crrhe\appdata\local\plover\plover\main.json from asset:plover:assets\main.json
2022-09-09 16:44:51,788 [Dummy-1] INFO: loading dictionary: c:\users\crrhe\appdata\local\plover\plover\user.json
2022-09-09 16:44:51,818 [Dummy-1] INFO: loading dictionary: c:\users\crrhe\appdata\local\plover\plover\commands.json
2022-09-09 16:44:51,839 [Dummy-1] INFO: loading dictionary: c:\users\crrhe\appdata\local\plover\plover\main.json
2022-09-09 16:44:55,158 [Dummy-1] INFO: loaded 3 dictionaries in 3.370s
2022-09-11 19:12:05,062 [MainThread] INFO: setting language to: en_US
2022-09-11 19:12:16,074 [Dummy-1] INFO: set_stroke_filename(C:\Users\crrhe\AppData\Local\plover\plover\strokes.log)
2022-09-11 19:12:16,074 [Dummy-1] INFO: loading system: English Stenotype
2022-09-11 19:12:17,433 [Dummy-1] INFO: setting machine: Keyboard
2022-09-11 19:12:19,604 [Dummy-1] INFO: loading dictionary: c:\users\crrhe\appdata\local\plover\plover\user.json
2022-09-11 19:12:19,612 [Dummy-1] INFO: loading dictionary: c:\users\crrhe\appdata\local\plover\plover\commands.json
2022-09-11 19:12:19,614 [Dummy-1] INFO: loading dictionary: c:\users\crrhe\appdata\local\plover\plover\main.json
2022-09-11 19:12:22,597 [Dummy-1] INFO: loaded 3 dictionaries in 2.993s
2022-09-12 05:26:01,780 [MainThread] INFO: setting language to: en_US
2022-09-12 05:26:04,318 [Dummy-1] INFO: set_stroke_filename(C:\Users\crrhe\AppData\Local\plover\plover\strokes.log)
2022-09-12 05:26:04,318 [Dummy-1] INFO: loading system: English Stenotype
2022-09-12 05:26:05,741 [Dummy-1] INFO: setting machine: Keyboard
2022-09-12 05:26:07,127 [Dummy-1] INFO: loading dictionary: c:\users\crrhe\appdata\local\plover\plover\user.json
2022-09-12 05:26:07,129 [Dummy-1] INFO: loading dictionary: c:\users\crrhe\appdata\local\plover\plover\commands.json
2022-09-12 05:26:07,129 [Dummy-1] INFO: loading dictionary: c:\users\crrhe\appdata\local\plover\plover\main.json
2022-09-12 05:26:09,674 [Dummy-1] INFO: loaded 3 dictionaries in 2.547s
2022-09-13 18:30:03,269 [MainThread] INFO: setting language to: en_US
2022-09-13 18:30:06,706 [Dummy-1] INFO: set_stroke_filename(C:\Users\crrhe\AppData\Local\plover\plover\strokes.log)
2022-09-13 18:30:06,706 [Dummy-1] INFO: loading system: English Stenotype
2022-09-13 18:30:07,946 [Dummy-1] INFO: setting machine: Keyboard
2022-09-13 18:30:10,921 [Dummy-1] INFO: loading dictionary: c:\users\crrhe\appdata\local\plover\plover\user.json
2022-09-13 18:30:10,992 [Dummy-1] INFO: loading dictionary: c:\users\crrhe\appdata\local\plover\plover\commands.json
2022-09-13 18:30:11,040 [Dummy-1] INFO: loading dictionary: c:\users\crrhe\appdata\local\plover\plover\main.json
2022-09-13 18:30:13,639 [Dummy-1] INFO: loaded 3 dictionaries in 2.718s
2022-09-16 11:14:00,191 [MainThread] INFO: setting language to: en_US
2022-09-16 11:14:02,409 [Dummy-1] INFO: set_stroke_filename(C:\Users\crrhe\AppData\Local\plover\plover\strokes.log)
2022-09-16 11:14:02,409 [Dummy-1] INFO: loading system: English Stenotype
2022-09-16 11:14:03,078 [Dummy-1] INFO: setting machine: Keyboard
2022-09-16 11:14:04,245 [Dummy-1] INFO: loading dictionary: c:\users\crrhe\appdata\local\plover\plover\user.json
2022-09-16 11:14:04,261 [Dummy-1] INFO: loading dictionary: c:\users\crrhe\appdata\local\plover\plover\commands.json
2022-09-16 11:14:04,261 [Dummy-1] INFO: loading dictionary: c:\users\crrhe\appdata\local\plover\plover\main.json
2022-09-16 11:14:07,480 [Dummy-1] INFO: loaded 3 dictionaries in 3.234s
2022-09-20 06:36:22,624 [MainThread] INFO: setting language to: en_US
2022-09-20 06:36:25,021 [Dummy-1] INFO: set_stroke_filename(C:\Users\crrhe\AppData\Local\plover\plover\strokes.log)
2022-09-20 06:36:25,021 [Dummy-1] INFO: loading system: English Stenotype
2022-09-20 06:36:25,680 [Dummy-1] INFO: setting machine: Keyboard
2022-09-20 06:36:26,637 [Dummy-1] INFO: loading dictionary: c:\users\crrhe\appdata\local\plover\plover\user.json
2022-09-20 06:36:26,637 [Dummy-1] INFO: loading dictionary: c:\users\crrhe\appdata\local\plover\plover\commands.json
2022-09-20 06:36:26,637 [Dummy-1] INFO: loading dictionary: c:\users\crrhe\appdata\local\plover\plover\main.json
2022-09-20 06:36:28,393 [Dummy-1] INFO: loaded 3 dictionaries in 1.756s
2022-09-20 20:41:28,414 [MainThread] INFO: setting language to: en_US
2022-09-20 20:41:30,383 [Dummy-1] INFO: set_stroke_filename(C:\Users\crrhe\AppData\Local\plover\plover\strokes.log)
2022-09-20 20:41:30,383 [Dummy-1] INFO: loading system: English Stenotype
2022-09-20 20:41:31,313 [Dummy-1] INFO: setting machine: Keyboard
2022-09-20 20:41:32,743 [Dummy-1] INFO: loading dictionary: c:\users\crrhe\appdata\local\plover\plover\user.json
2022-09-20 20:41:32,743 [Dummy-1] INFO: loading dictionary: c:\users\crrhe\appdata\local\plover\plover\commands.json
2022-09-20 20:41:32,743 [Dummy-1] INFO: loading dictionary: c:\users\crrhe\appdata\local\plover\plover\main.json
2022-09-20 20:41:34,723 [Dummy-1] INFO: loaded 3 dictionaries in 1.980s
2022-09-22 20:49:16,292 [MainThread] INFO: setting language to: en_US
2022-09-22 20:49:18,692 [Dummy-1] INFO: set_stroke_filename(C:\Users\crrhe\AppData\Local\plover\plover\strokes.log)
2022-09-22 20:49:18,692 [Dummy-1] INFO: loading system: English Stenotype
2022-09-22 20:49:19,412 [Dummy-1] INFO: setting machine: Keyboard
2022-09-22 20:49:20,482 [Dummy-1] INFO: loading dictionary: c:\users\crrhe\appdata\local\plover\plover\user.json
2022-09-22 20:49:20,492 [Dummy-1] INFO: loading dictionary: c:\users\crrhe\appdata\local\plover\plover\commands.json
2022-09-22 20:49:20,492 [Dummy-1] INFO: loading dictionary: c:\users\crrhe\appdata\local\plover\plover\main.json
2022-09-22 20:49:22,352 [Dummy-1] INFO: loaded 3 dictionaries in 1.870s
2022-10-07 21:59:53,287 [MainThread] INFO: setting language to: en_US
2022-10-07 21:59:56,084 [Dummy-1] INFO: set_stroke_filename(C:\Users\crrhe\AppData\Local\plover\plover\strokes.log)
2022-10-07 21:59:56,084 [Dummy-1] INFO: loading system: English Stenotype
2022-10-07 21:59:56,756 [Dummy-1] INFO: setting machine: Keyboard
2022-10-07 21:59:57,802 [Dummy-1] INFO: loading dictionary: c:\users\crrhe\appdata\local\plover\plover\user.json
2022-10-07 21:59:57,802 [Dummy-1] INFO: loading dictionary: c:\users\crrhe\appdata\local\plover\plover\commands.json
2022-10-07 21:59:57,802 [Dummy-1] INFO: loading dictionary: c:\users\crrhe\appdata\local\plover\plover\main.json
2022-10-07 21:59:59,709 [Dummy-1] INFO: loaded 3 dictionaries in 1.906s
2022-10-08 22:29:08,804 [MainThread] INFO: setting language to: en_US
2022-10-08 22:29:11,976 [Dummy-1] INFO: set_stroke_filename(C:\Users\crrhe\AppData\Local\plover\plover\strokes.log)
2022-10-08 22:29:11,976 [Dummy-1] INFO: loading system: English Stenotype
2022-10-08 22:29:13,304 [Dummy-1] INFO: setting machine: Keyboard
2022-10-08 22:29:16,444 [Dummy-1] INFO: loading dictionary: c:\users\crrhe\appdata\local\plover\plover\user.json
2022-10-08 22:29:16,444 [Dummy-1] INFO: loading dictionary: c:\users\crrhe\appdata\local\plover\plover\commands.json
2022-10-08 22:29:16,460 [Dummy-1] INFO: loading dictionary: c:\users\crrhe\appdata\local\plover\plover\main.json
2022-10-08 22:29:20,170 [Dummy-1] INFO: loaded 3 dictionaries in 3.725s
2022-10-09 14:35:08,443 [MainThread] INFO: setting language to: en_US
2022-10-09 14:35:09,814 [Dummy-1] INFO: set_stroke_filename(C:\Users\crrhe\AppData\Local\plover\plover\strokes.log)
2022-10-09 14:35:09,814 [Dummy-1] INFO: loading system: English Stenotype
2022-10-09 14:35:10,547 [Dummy-1] INFO: setting machine: Keyboard
2022-10-09 14:35:11,465 [Dummy-1] INFO: loading dictionary: c:\users\crrhe\appdata\local\plover\plover\user.json
2022-10-09 14:35:11,465 [Dummy-1] INFO: loading dictionary: c:\users\crrhe\appdata\local\plover\plover\commands.json
2022-10-09 14:35:11,465 [Dummy-1] INFO: loading dictionary: c:\users\crrhe\appdata\local\plover\plover\main.json
2022-10-09 14:35:13,419 [Dummy-1] INFO: loaded 3 dictionaries in 1.954s
2022-10-10 20:43:29,995 [MainThread] INFO: setting language to: en_US
2022-10-10 20:43:32,308 [Dummy-1] INFO: set_stroke_filename(C:\Users\crrhe\AppData\Local\plover\plover\strokes.log)
2022-10-10 20:43:32,308 [Dummy-1] INFO: loading system: English Stenotype
2022-10-10 20:43:33,026 [Dummy-1] INFO: setting machine: Keyboard
2022-10-10 20:43:34,104 [Dummy-1] INFO: loading dictionary: c:\users\crrhe\appdata\local\plover\plover\user.json
2022-10-10 20:43:34,120 [Dummy-1] INFO: loading dictionary: c:\users\crrhe\appdata\local\plover\plover\commands.json
2022-10-10 20:43:34,120 [Dummy-1] INFO: loading dictionary: c:\users\crrhe\appdata\local\plover\plover\main.json
2022-10-10 20:43:36,112 [Dummy-1] INFO: loaded 3 dictionaries in 2.008s
2022-10-10 20:59:40,167 [ThreadPoolExecutor-279_0] INFO: error fetching https://www.wordtechnologies.com/images/treal/treal2a.gif: Not Found
2022-10-10 21:00:52,532 [MainThread] INFO: setting language to: en_US
2022-10-10 21:00:54,011 [Dummy-1] INFO: set_stroke_filename(C:\Users\crrhe\AppData\Local\plover\plover\strokes.log)
2022-10-10 21:00:54,011 [Dummy-1] INFO: loading system: English Stenotype
2022-10-10 21:00:54,636 [Dummy-1] INFO: setting machine: Keyboard
2022-10-10 21:00:55,574 [Dummy-1] INFO: loading dictionary: c:\users\crrhe\appdata\local\plover\plover\user.json
2022-10-10 21:00:55,574 [Dummy-1] INFO: loading dictionary: c:\users\crrhe\appdata\local\plover\plover\commands.json
2022-10-10 21:00:55,574 [Dummy-1] INFO: loading dictionary: c:\users\crrhe\appdata\local\plover\plover\main.json
2022-10-10 21:00:57,292 [Dummy-1] INFO: loaded 3 dictionaries in 1.719s
2022-10-10 21:01:59,600 [Dummy-1] INFO: loaded 3 dictionaries in 0.000s
2022-10-11 07:27:23,107 [MainThread] INFO: setting language to: en_US
2022-10-11 07:27:28,265 [Dummy-1] INFO: set_stroke_filename(C:\Users\crrhe\AppData\Local\plover\plover\strokes.log)
2022-10-11 07:27:28,269 [Dummy-1] INFO: loading system: English Stenotype
2022-10-11 07:27:31,802 [Dummy-1] INFO: setting machine: Keyboard
2022-10-11 07:27:37,332 [Dummy-1] INFO: loading dictionary: c:\users\crrhe\appdata\local\plover\plover\user.json
2022-10-11 07:27:37,520 [Dummy-1] INFO: loading dictionary: c:\users\crrhe\appdata\local\plover\plover\commands.json
2022-10-11 07:27:37,588 [Dummy-1] INFO: loading dictionary: c:\users\crrhe\appdata\local\plover\plover\main.json
2022-10-11 07:27:46,828 [Dummy-1] INFO: loaded 3 dictionaries in 9.497s
2022-10-11 21:14:54,179 [MainThread] WARNING: Qt: Cannot open file 'C:/Users/crrhe/AppData/Local/plover/plover/plugins/win/Python39/site-packages/spectra_lexer/qt/icon.svg', because: The system cannot find the path specified.
2022-10-11 21:14:54,321 [MainThread] WARNING: Qt: Cannot open file 'C:/Users/crrhe/AppData/Local/plover/plover/plugins/win/Python39/site-packages/spectra_lexer/qt/icon.svg', because: The system cannot find the path specified.
2022-10-11 21:14:58,128 [MainThread] WARNING: Qt: Cannot open file 'C:/Users/crrhe/AppData/Local/plover/plover/plugins/win/Python39/site-packages/spectra_lexer/qt/icon.svg', because: The system cannot find the path specified.
2022-10-11 21:14:58,164 [MainThread] WARNING: Qt: Cannot open file 'C:/Users/crrhe/AppData/Local/plover/plover/plugins/win/Python39/site-packages/spectra_lexer/qt/icon.svg', because: The system cannot find the path specified.
2022-10-11 21:14:58,250 [MainThread] WARNING: Qt: Cannot open file 'C:/Users/crrhe/AppData/Local/plover/plover/plugins/win/Python39/site-packages/spectra_lexer/qt/icon.svg', because: The system cannot find the path specified.
2022-10-11 21:14:58,276 [MainThread] WARNING: Qt: Cannot open file 'C:/Users/crrhe/AppData/Local/plover/plover/plugins/win/Python39/site-packages/spectra_lexer/qt/icon.svg', because: The system cannot find the path specified.
2022-10-11 21:15:00,878 [MainThread] WARNING: Qt: Cannot open file 'C:/Users/crrhe/AppData/Local/plover/plover/plugins/win/Python39/site-packages/spectra_lexer/qt/icon.svg', because: The system cannot find the path specified.
2022-10-11 21:15:00,912 [MainThread] WARNING: Qt: Cannot open file 'C:/Users/crrhe/AppData/Local/plover/plover/plugins/win/Python39/site-packages/spectra_lexer/qt/icon.svg', because: The system cannot find the path specified.
2022-10-11 21:15:01,004 [MainThread] WARNING: Qt: Cannot open file 'C:/Users/crrhe/AppData/Local/plover/plover/plugins/win/Python39/site-packages/spectra_lexer/qt/icon.svg', because: The system cannot find the path specified.
2022-10-11 21:15:01,034 [MainThread] WARNING: Qt: Cannot open file 'C:/Users/crrhe/AppData/Local/plover/plover/plugins/win/Python39/site-packages/spectra_lexer/qt/icon.svg', because: The system cannot find the path specified.
2022-10-11 21:15:03,596 [MainThread] WARNING: Qt: Cannot open file 'C:/Users/crrhe/AppData/Local/plover/plover/plugins/win/Python39/site-packages/spectra_lexer/qt/icon.svg', because: The system cannot find the path specified.
2022-10-11 21:15:03,638 [MainThread] WARNING: Qt: Cannot open file 'C:/Users/crrhe/AppData/Local/plover/plover/plugins/win/Python39/site-packages/spectra_lexer/qt/icon.svg', because: The system cannot find the path specified.
2022-10-11 21:15:03,732 [MainThread] WARNING: Qt: Cannot open file 'C:/Users/crrhe/AppData/Local/plover/plover/plugins/win/Python39/site-packages/spectra_lexer/qt/icon.svg', because: The system cannot find the path specified.
2022-10-11 21:15:03,759 [MainThread] WARNING: Qt: Cannot open file 'C:/Users/crrhe/AppData/Local/plover/plover/plugins/win/Python39/site-packages/spectra_lexer/qt/icon.svg', because: The system cannot find the path specified.
2022-10-11 21:15:05,333 [MainThread] WARNING: Qt: Cannot open file 'C:/Users/crrhe/AppData/Local/plover/plover/plugins/win/Python39/site-packages/spectra_lexer/qt/icon.svg', because: The system cannot find the path specified.
2022-10-11 21:15:05,373 [MainThread] WARNING: Qt: Cannot open file 'C:/Users/crrhe/AppData/Local/plover/plover/plugins/win/Python39/site-packages/spectra_lexer/qt/icon.svg', because: The system cannot find the path specified.
2022-10-11 21:15:05,451 [MainThread] WARNING: Qt: Cannot open file 'C:/Users/crrhe/AppData/Local/plover/plover/plugins/win/Python39/site-packages/spectra_lexer/qt/icon.svg', because: The system cannot find the path specified.
2022-10-11 21:15:05,483 [MainThread] WARNING: Qt: Cannot open file 'C:/Users/crrhe/AppData/Local/plover/plover/plugins/win/Python39/site-packages/spectra_lexer/qt/icon.svg', because: The system cannot find the path specified.
2022-10-11 21:15:06,365 [MainThread] WARNING: Qt: Cannot open file 'C:/Users/crrhe/AppData/Local/plover/plover/plugins/win/Python39/site-packages/spectra_lexer/qt/icon.svg', because: The system cannot find the path specified.
2022-10-11 21:15:06,409 [MainThread] WARNING: Qt: Cannot open file 'C:/Users/crrhe/AppData/Local/plover/plover/plugins/win/Python39/site-packages/spectra_lexer/qt/icon.svg', because: The system cannot find the path specified.
2022-10-11 21:15:06,505 [MainThread] WARNING: Qt: Cannot open file 'C:/Users/crrhe/AppData/Local/plover/plover/plugins/win/Python39/site-packages/spectra_lexer/qt/icon.svg', because: The system cannot find the path specified.
2022-10-11 21:15:06,535 [MainThread] WARNING: Qt: Cannot open file 'C:/Users/crrhe/AppData/Local/plover/plover/plugins/win/Python39/site-packages/spectra_lexer/qt/icon.svg', because: The system cannot find the path specified.
2022-10-11 21:15:09,485 [MainThread] WARNING: Qt: Cannot open file 'C:/Users/crrhe/AppData/Local/plover/plover/plugins/win/Python39/site-packages/spectra_lexer/qt/icon.svg', because: The system cannot find the path specified.
2022-10-11 21:15:09,527 [MainThread] WARNING: Qt: Cannot open file 'C:/Users/crrhe/AppData/Local/plover/plover/plugins/win/Python39/site-packages/spectra_lexer/qt/icon.svg', because: The system cannot find the path specified.
2022-10-11 21:15:11,055 [MainThread] WARNING: Qt: Cannot open file 'C:/Users/crrhe/AppData/Local/plover/plover/plugins/win/Python39/site-packages/spectra_lexer/qt/icon.svg', because: The system cannot find the path specified.
2022-10-11 21:15:11,091 [MainThread] WARNING: Qt: Cannot open file 'C:/Users/crrhe/AppData/Local/plover/plover/plugins/win/Python39/site-packages/spectra_lexer/qt/icon.svg', because: The system cannot find the path specified.
2022-10-11 21:15:11,846 [MainThread] WARNING: Qt: Cannot open file 'C:/Users/crrhe/AppData/Local/plover/plover/plugins/win/Python39/site-packages/spectra_lexer/qt/icon.svg', because: The system cannot find the path specified.
2022-10-11 21:15:11,880 [MainThread] WARNING: Qt: Cannot open file 'C:/Users/crrhe/AppData/Local/plover/plover/plugins/win/Python39/site-packages/spectra_lexer/qt/icon.svg', because: The system cannot find the path specified.
2022-10-11 21:15:23,342 [Dummy-1] INFO: set_stroke_filename(C:\Users\crrhe\AppData\Local\plover\plover)
2022-10-11 21:15:23,352 [Dummy-1] INFO: loaded 3 dictionaries in 0.001s
2022-10-11 21:15:24,701 [MainThread] WARNING: Qt: Cannot open file 'C:/Users/crrhe/AppData/Local/plover/plover/plugins/win/Python39/site-packages/spectra_lexer/qt/icon.svg', because: The system cannot find the path specified.
2022-10-11 21:15:24,754 [MainThread] WARNING: Qt: Cannot open file 'C:/Users/crrhe/AppData/Local/plover/plover/plugins/win/Python39/site-packages/spectra_lexer/qt/icon.svg', because: The system cannot find the path specified.
2022-10-11 21:15:27,211 [MainThread] WARNING: Qt: Cannot open file 'C:/Users/crrhe/AppData/Local/plover/plover/plugins/win/Python39/site-packages/spectra_lexer/qt/icon.svg', because: The system cannot find the path specified.
2022-10-11 21:15:27,245 [MainThread] WARNING: Qt: Cannot open file 'C:/Users/crrhe/AppData/Local/plover/plover/plugins/win/Python39/site-packages/spectra_lexer/qt/icon.svg', because: The system cannot find the path specified.
2022-10-11 21:15:28,730 [MainThread] WARNING: Qt: Cannot open file 'C:/Users/crrhe/AppData/Local/plover/plover/plugins/win/Python39/site-packages/spectra_lexer/qt/icon.svg', because: The system cannot find the path specified.
2022-10-11 21:15:28,762 [MainThread] WARNING: Qt: Cannot open file 'C:/Users/crrhe/AppData/Local/plover/plover/plugins/win/Python39/site-packages/spectra_lexer/qt/icon.svg', because: The system cannot find the path specified.
2022-10-11 21:15:31,210 [MainThread] WARNING: Qt: Cannot open file 'C:/Users/crrhe/AppData/Local/plover/plover/plugins/win/Python39/site-packages/spectra_lexer/qt/icon.svg', because: The system cannot find the path specified.
2022-10-11 21:15:31,265 [MainThread] WARNING: Qt: Cannot open file 'C:/Users/crrhe/AppData/Local/plover/plover/plugins/win/Python39/site-packages/spectra_lexer/qt/icon.svg', because: The system cannot find the path specified.
2022-10-11 21:15:31,280 [MainThread] WARNING: Qt: Cannot open file 'C:/Users/crrhe/AppData/Local/plover/plover/plugins/win/Python39/site-packages/spectra_lexer/qt/icon.svg', because: The system cannot find the path specified.
2022-10-11 21:15:31,302 [MainThread] WARNING: Qt: Cannot open file 'C:/Users/crrhe/AppData/Local/plover/plover/plugins/win/Python39/site-packages/spectra_lexer/qt/icon.svg', because: The system cannot find the path specified.
2022-10-11 21:15:31,319 [MainThread] WARNING: Qt: Cannot open file 'C:/Users/crrhe/AppData/Local/plover/plover/plugins/win/Python39/site-packages/spectra_lexer/qt/icon.svg', because: The system cannot find the path specified.
2022-10-11 21:15:31,335 [MainThread] WARNING: Qt: Cannot open file 'C:/Users/crrhe/AppData/Local/plover/plover/plugins/win/Python39/site-packages/spectra_lexer/qt/icon.svg', because: The system cannot find the path specified.
2022-10-11 21:15:31,357 [MainThread] WARNING: Qt: Cannot open file 'C:/Users/crrhe/AppData/Local/plover/plover/plugins/win/Python39/site-packages/spectra_lexer/qt/icon.svg', because: The system cannot find the path specified.
2022-10-11 21:15:31,373 [MainThread] WARNING: Qt: Cannot open file 'C:/Users/crrhe/AppData/Local/plover/plover/plugins/win/Python39/site-packages/spectra_lexer/qt/icon.svg', because: The system cannot find the path specified.
2022-10-11 21:15:31,391 [MainThread] WARNING: Qt: Cannot open file 'C:/Users/crrhe/AppData/Local/plover/plover/plugins/win/Python39/site-packages/spectra_lexer/qt/icon.svg', because: The system cannot find the path specified.
2022-10-11 21:15:31,409 [MainThread] WARNING: Qt: Cannot open file 'C:/Users/crrhe/AppData/Local/plover/plover/plugins/win/Python39/site-packages/spectra_lexer/qt/icon.svg', because: The system cannot find the path specified.
2022-10-11 21:15:31,427 [MainThread] WARNING: Qt: Cannot open file 'C:/Users/crrhe/AppData/Local/plover/plover/plugins/win/Python39/site-packages/spectra_lexer/qt/icon.svg', because: The system cannot find the path specified.
2022-10-11 21:15:31,445 [MainThread] WARNING: Qt: Cannot open file 'C:/Users/crrhe/AppData/Local/plover/plover/plugins/win/Python39/site-packages/spectra_lexer/qt/icon.svg', because: The system cannot find the path specified.
2022-10-11 21:15:31,808 [MainThread] WARNING: Qt: Cannot open file 'C:/Users/crrhe/AppData/Local/plover/plover/plugins/win/Python39/site-packages/spectra_lexer/qt/icon.svg', because: The system cannot find the path specified.
2022-10-11 21:15:31,828 [MainThread] WARNING: Qt: Cannot open file 'C:/Users/crrhe/AppData/Local/plover/plover/plugins/win/Python39/site-packages/spectra_lexer/qt/icon.svg', because: The system cannot find the path specified.
2022-10-11 21:15:32,530 [MainThread] WARNING: Qt: Cannot open file 'C:/Users/crrhe/AppData/Local/plover/plover/plugins/win/Python39/site-packages/spectra_lexer/qt/icon.svg', because: The system cannot find the path specified.
2022-10-11 21:15:32,552 [MainThread] WARNING: Qt: Cannot open file 'C:/Users/crrhe/AppData/Local/plover/plover/plugins/win/Python39/site-packages/spectra_lexer/qt/icon.svg', because: The system cannot find the path specified.
2022-10-11 21:15:32,569 [MainThread] WARNING: Qt: Cannot open file 'C:/Users/crrhe/AppData/Local/plover/plover/plugins/win/Python39/site-packages/spectra_lexer/qt/icon.svg', because: The system cannot find the path specified.
2022-10-11 21:15:32,590 [MainThread] WARNING: Qt: Cannot open file 'C:/Users/crrhe/AppData/Local/plover/plover/plugins/win/Python39/site-packages/spectra_lexer/qt/icon.svg', because: The system cannot find the path specified.
2022-10-11 21:15:32,607 [MainThread] WARNING: Qt: Cannot open file 'C:/Users/crrhe/AppData/Local/plover/plover/plugins/win/Python39/site-packages/spectra_lexer/qt/icon.svg', because: The system cannot find the path specified.
2022-10-11 21:15:32,624 [MainThread] WARNING: Qt: Cannot open file 'C:/Users/crrhe/AppData/Local/plover/plover/plugins/win/Python39/site-packages/spectra_lexer/qt/icon.svg', because: The system cannot find the path specified.
2022-10-11 21:15:32,640 [MainThread] WARNING: Qt: Cannot open file 'C:/Users/crrhe/AppData/Local/plover/plover/plugins/win/Python39/site-packages/spectra_lexer/qt/icon.svg', because: The system cannot find the path specified.
2022-10-11 21:15:32,656 [MainThread] WARNING: Qt: Cannot open file 'C:/Users/crrhe/AppData/Local/plover/plover/plugins/win/Python39/site-packages/spectra_lexer/qt/icon.svg', because: The system cannot find the path specified.
2022-10-11 21:15:32,672 [MainThread] WARNING: Qt: Cannot open file 'C:/Users/crrhe/AppData/Local/plover/plover/plugins/win/Python39/site-packages/spectra_lexer/qt/icon.svg', because: The system cannot find the path specified.
2022-10-11 21:15:32,686 [MainThread] WARNING: Qt: Cannot open file 'C:/Users/crrhe/AppData/Local/plover/plover/plugins/win/Python39/site-packages/spectra_lexer/qt/icon.svg', because: The system cannot find the path specified.
2022-10-11 21:15:32,701 [MainThread] WARNING: Qt: Cannot open file 'C:/Users/crrhe/AppData/Local/plover/plover/plugins/win/Python39/site-packages/spectra_lexer/qt/icon.svg', because: The system cannot find the path specified.
2022-10-11 21:15:32,717 [MainThread] WARNING: Qt: Cannot open file 'C:/Users/crrhe/AppData/Local/plover/plover/plugins/win/Python39/site-packages/spectra_lexer/qt/icon.svg', because: The system cannot find the path specified.
2022-10-11 21:15:33,593 [MainThread] WARNING: Qt: Cannot open file 'C:/Users/crrhe/AppData/Local/plover/plover/plugins/win/Python39/site-packages/spectra_lexer/qt/icon.svg', because: The system cannot find the path specified.
2022-10-11 21:15:33,610 [MainThread] WARNING: Qt: Cannot open file 'C:/Users/crrhe/AppData/Local/plover/plover/plugins/win/Python39/site-packages/spectra_lexer/qt/icon.svg', because: The system cannot find the path specified.
2022-10-11 21:15:33,630 [MainThread] WARNING: Qt: Cannot open file 'C:/Users/crrhe/AppData/Local/plover/plover/plugins/win/Python39/site-packages/spectra_lexer/qt/icon.svg', because: The system cannot find the path specified.
2022-10-11 21:15:33,642 [MainThread] WARNING: Qt: Cannot open file 'C:/Users/crrhe/AppData/Local/plover/plover/plugins/win/Python39/site-packages/spectra_lexer/qt/icon.svg', because: The system cannot find the path specified.
2022-10-11 21:15:33,652 [MainThread] WARNING: Qt: Cannot open file 'C:/Users/crrhe/AppData/Local/plover/plover/plugins/win/Python39/site-packages/spectra_lexer/qt/icon.svg', because: The system cannot find the path specified.
2022-10-11 21:15:33,664 [MainThread] WARNING: Qt: Cannot open file 'C:/Users/crrhe/AppData/Local/plover/plover/plugins/win/Python39/site-packages/spectra_lexer/qt/icon.svg', because: The system cannot find the path specified.
2022-10-11 21:15:33,689 [MainThread] WARNING: Qt: Cannot open file 'C:/Users/crrhe/AppData/Local/plover/plover/plugins/win/Python39/site-packages/spectra_lexer/qt/icon.svg', because: The system cannot find the path specified.
2022-10-11 21:15:33,711 [MainThread] WARNING: Qt: Cannot open file 'C:/Users/crrhe/AppData/Local/plover/plover/plugins/win/Python39/site-packages/spectra_lexer/qt/icon.svg', because: The system cannot find the path specified.
2022-10-11 21:15:38,475 [Dummy-1] INFO: loaded 2 dictionaries in 0.005s
2022-10-11 21:15:42,012 [MainThread] WARNING: Qt: Cannot open file 'C:/Users/crrhe/AppData/Local/plover/plover/plugins/win/Python39/site-packages/spectra_lexer/qt/icon.svg', because: The system cannot find the path specified.
2022-10-11 21:15:42,112 [MainThread] WARNING: Qt: Cannot open file 'C:/Users/crrhe/AppData/Local/plover/plover/plugins/win/Python39/site-packages/spectra_lexer/qt/icon.svg', because: The system cannot find the path specified.
2022-10-11 21:15:42,143 [MainThread] WARNING: Qt: Cannot open file 'C:/Users/crrhe/AppData/Local/plover/plover/plugins/win/Python39/site-packages/spectra_lexer/qt/icon.svg', because: The system cannot find the path specified.
2022-10-11 21:15:43,093 [Dummy-1] INFO: loaded 1 dictionaries in 0.000s
2022-10-11 21:15:43,783 [MainThread] WARNING: Qt: Cannot open file 'C:/Users/crrhe/AppData/Local/plover/plover/plugins/win/Python39/site-packages/spectra_lexer/qt/icon.svg', because: The system cannot find the path specified.
2022-10-11 21:15:43,813 [MainThread] WARNING: Qt: Cannot open file 'C:/Users/crrhe/AppData/Local/plover/plover/plugins/win/Python39/site-packages/spectra_lexer/qt/icon.svg', because: The system cannot find the path specified.
2022-10-11 21:15:43,883 [MainThread] WARNING: Qt: Cannot open file 'C:/Users/crrhe/AppData/Local/plover/plover/plugins/win/Python39/site-packages/spectra_lexer/qt/icon.svg', because: The system cannot find the path specified.
2022-10-11 21:15:43,912 [MainThread] WARNING: Qt: Cannot open file 'C:/Users/crrhe/AppData/Local/plover/plover/plugins/win/Python39/site-packages/spectra_lexer/qt/icon.svg', because: The system cannot find the path specified.
2022-10-11 21:15:45,027 [Dummy-1] INFO: loaded 0 dictionaries in 0.000s
2022-10-11 21:15:51,327 [MainThread] WARNING: Qt: Cannot open file 'C:/Users/crrhe/AppData/Local/plover/plover/plugins/win/Python39/site-packages/spectra_lexer/qt/icon.svg', because: The system cannot find the path specified.
2022-10-11 21:15:51,348 [MainThread] WARNING: Qt: Cannot open file 'C:/Users/crrhe/AppData/Local/plover/plover/plugins/win/Python39/site-packages/spectra_lexer/qt/icon.svg', because: The system cannot find the path specified.
2022-10-11 21:15:58,893 [MainThread] WARNING: Qt: Cannot open file 'C:/Users/crrhe/AppData/Local/plover/plover/plugins/win/Python39/site-packages/spectra_lexer/qt/icon.svg', because: The system cannot find the path specified.
2022-10-11 21:15:58,925 [MainThread] WARNING: Qt: Cannot open file 'C:/Users/crrhe/AppData/Local/plover/plover/plugins/win/Python39/site-packages/spectra_lexer/qt/icon.svg', because: The system cannot find the path specified.
2022-10-11 21:15:58,962 [Dummy-1] INFO: loading dictionary: c:\users\crrhe\appdata\local\plover\plover\commands.json
2022-10-11 21:15:58,978 [Dummy-1] INFO: loading dictionary: c:\users\crrhe\appdata\local\plover\plover\main.json
2022-10-11 21:15:58,978 [Dummy-1] INFO: loading dictionary: c:\users\crrhe\appdata\local\plover\plover\user.json
2022-10-11 21:15:59,890 [MainThread] WARNING: Qt: Cannot open file 'C:/Users/crrhe/AppData/Local/plover/plover/plugins/win/Python39/site-packages/spectra_lexer/qt/icon.svg', because: The system cannot find the path specified.
2022-10-11 21:15:59,923 [MainThread] WARNING: Qt: Cannot open file 'C:/Users/crrhe/AppData/Local/plover/plover/plugins/win/Python39/site-packages/spectra_lexer/qt/icon.svg', because: The system cannot find the path specified.
2022-10-11 21:16:00,279 [MainThread] WARNING: Qt: Cannot open file 'C:/Users/crrhe/AppData/Local/plover/plover/plugins/win/Python39/site-packages/spectra_lexer/qt/icon.svg', because: The system cannot find the path specified.
2022-10-11 21:16:00,493 [MainThread] WARNING: Qt: Cannot open file 'C:/Users/crrhe/AppData/Local/plover/plover/plugins/win/Python39/site-packages/spectra_lexer/qt/icon.svg', because: The system cannot find the path specified.
2022-10-11 21:16:03,411 [Dummy-1] INFO: loaded 3 dictionaries in 4.449s
2022-10-11 21:16:04,342 [MainThread] WARNING: Qt: Cannot open file 'C:/Users/crrhe/AppData/Local/plover/plover/plugins/win/Python39/site-packages/spectra_lexer/qt/icon.svg', because: The system cannot find the path specified.
2022-10-11 21:16:04,378 [MainThread] WARNING: Qt: Cannot open file 'C:/Users/crrhe/AppData/Local/plover/plover/plugins/win/Python39/site-packages/spectra_lexer/qt/icon.svg', because: The system cannot find the path specified.
2022-10-11 21:16:04,475 [MainThread] WARNING: Qt: Cannot open file 'C:/Users/crrhe/AppData/Local/plover/plover/plugins/win/Python39/site-packages/spectra_lexer/qt/icon.svg', because: The system cannot find the path specified.
2022-10-11 21:16:04,508 [MainThread] WARNING: Qt: Cannot open file 'C:/Users/crrhe/AppData/Local/plover/plover/plugins/win/Python39/site-packages/spectra_lexer/qt/icon.svg', because: The system cannot find the path specified.
2022-10-11 21:16:06,158 [MainThread] WARNING: Qt: Cannot open file 'C:/Users/crrhe/AppData/Local/plover/plover/plugins/win/Python39/site-packages/spectra_lexer/qt/icon.svg', because: The system cannot find the path specified.
2022-10-11 21:16:06,193 [MainThread] WARNING: Qt: Cannot open file 'C:/Users/crrhe/AppData/Local/plover/plover/plugins/win/Python39/site-packages/spectra_lexer/qt/icon.svg', because: The system cannot find the path specified.
2022-10-11 21:16:11,003 [MainThread] WARNING: Qt: Cannot open file 'C:/Users/crrhe/AppData/Local/plover/plover/plugins/win/Python39/site-packages/spectra_lexer/qt/icon.svg', because: The system cannot find the path specified.
2022-10-11 21:16:11,034 [MainThread] WARNING: Qt: Cannot open file 'C:/Users/crrhe/AppData/Local/plover/plover/plugins/win/Python39/site-packages/spectra_lexer/qt/icon.svg', because: The system cannot find the path specified.
2022-10-11 21:16:11,534 [MainThread] WARNING: Qt: Cannot open file 'C:/Users/crrhe/AppData/Local/plover/plover/plugins/win/Python39/site-packages/spectra_lexer/qt/icon.svg', because: The system cannot find the path specified.
2022-10-11 21:16:11,574 [MainThread] WARNING: Qt: Cannot open file 'C:/Users/crrhe/AppData/Local/plover/plover/plugins/win/Python39/site-packages/spectra_lexer/qt/icon.svg', because: The system cannot find the path specified.
2022-10-11 21:16:12,657 [MainThread] WARNING: Qt: Cannot open file 'C:/Users/crrhe/AppData/Local/plover/plover/plugins/win/Python39/site-packages/spectra_lexer/qt/icon.svg', because: The system cannot find the path specified.
2022-10-11 21:16:12,685 [MainThread] WARNING: Qt: Cannot open file 'C:/Users/crrhe/AppData/Local/plover/plover/plugins/win/Python39/site-packages/spectra_lexer/qt/icon.svg', because: The system cannot find the path specified.
2022-10-11 21:16:13,462 [MainThread] WARNING: Qt: Cannot open file 'C:/Users/crrhe/AppData/Local/plover/plover/plugins/win/Python39/site-packages/spectra_lexer/qt/icon.svg', because: The system cannot find the path specified.
2022-10-11 21:16:13,482 [MainThread] WARNING: Qt: Cannot open file 'C:/Users/crrhe/AppData/Local/plover/plover/plugins/win/Python39/site-packages/spectra_lexer/qt/icon.svg', because: The system cannot find the path specified.
2022-10-11 21:16:13,957 [MainThread] WARNING: Qt: Cannot open file 'C:/Users/crrhe/AppData/Local/plover/plover/plugins/win/Python39/site-packages/spectra_lexer/qt/icon.svg', because: The system cannot find the path specified.
2022-10-11 21:16:15,136 [MainThread] WARNING: Qt: Cannot open file 'C:/Users/crrhe/AppData/Local/plover/plover/plugins/win/Python39/site-packages/spectra_lexer/qt/icon.svg', because: The system cannot find the path specified.
2022-10-11 21:16:26,449 [MainThread] WARNING: Qt: Cannot open file 'C:/Users/crrhe/AppData/Local/plover/plover/plugins/win/Python39/site-packages/spectra_lexer/qt/icon.svg', because: The system cannot find the path specified.
2022-10-11 21:16:26,487 [MainThread] WARNING: Qt: Cannot open file 'C:/Users/crrhe/AppData/Local/plover/plover/plugins/win/Python39/site-packages/spectra_lexer/qt/icon.svg', because: The system cannot find the path specified.
2022-10-11 21:16:28,876 [MainThread] WARNING: Qt: Cannot open file 'C:/Users/crrhe/AppData/Local/plover/plover/plugins/win/Python39/site-packages/spectra_lexer/qt/icon.svg', because: The system cannot find the path specified.
2022-10-11 21:16:28,906 [MainThread] WARNING: Qt: Cannot open file 'C:/Users/crrhe/AppData/Local/plover/plover/plugins/win/Python39/site-packages/spectra_lexer/qt/icon.svg', because: The system cannot find the path specified.
2022-10-11 21:16:29,427 [MainThread] WARNING: Qt: Cannot open file 'C:/Users/crrhe/AppData/Local/plover/plover/plugins/win/Python39/site-packages/spectra_lexer/qt/icon.svg', because: The system cannot find the path specified.
2022-10-11 21:16:29,447 [MainThread] WARNING: Qt: Cannot open file 'C:/Users/crrhe/AppData/Local/plover/plover/plugins/win/Python39/site-packages/spectra_lexer/qt/icon.svg', because: The system cannot find the path specified.
2022-10-11 21:16:29,462 [MainThread] WARNING: Qt: Cannot open file 'C:/Users/crrhe/AppData/Local/plover/plover/plugins/win/Python39/site-packages/spectra_lexer/qt/icon.svg', because: The system cannot find the path specified.
2022-10-11 21:16:31,079 [MainThread] WARNING: Qt: Cannot open file 'C:/Users/crrhe/AppData/Local/plover/plover/plugins/win/Python39/site-packages/spectra_lexer/qt/icon.svg', because: The system cannot find the path specified.
2022-10-11 21:16:31,798 [MainThread] WARNING: Qt: Cannot open file 'C:/Users/crrhe/AppData/Local/plover/plover/plugins/win/Python39/site-packages/spectra_lexer/qt/icon.svg', because: The system cannot find the path specified.
2022-10-11 21:16:32,078 [MainThread] WARNING: Qt: Cannot open file 'C:/Users/crrhe/AppData/Local/plover/plover/plugins/win/Python39/site-packages/spectra_lexer/qt/icon.svg', because: The system cannot find the path specified.
2022-10-11 21:16:32,099 [MainThread] WARNING: Qt: Cannot open file 'C:/Users/crrhe/AppData/Local/plover/plover/plugins/win/Python39/site-packages/spectra_lexer/qt/icon.svg', because: The system cannot find the path specified.
2022-10-11 21:16:32,423 [MainThread] WARNING: Qt: Cannot open file 'C:/Users/crrhe/AppData/Local/plover/plover/plugins/win/Python39/site-packages/spectra_lexer/qt/icon.svg', because: The system cannot find the path specified.
2022-10-11 21:16:32,444 [MainThread] WARNING: Qt: Cannot open file 'C:/Users/crrhe/AppData/Local/plover/plover/plugins/win/Python39/site-packages/spectra_lexer/qt/icon.svg', because: The system cannot find the path specified.
2022-10-11 21:16:33,059 [MainThread] WARNING: Qt: Cannot open file 'C:/Users/crrhe/AppData/Local/plover/plover/plugins/win/Python39/site-packages/spectra_lexer/qt/icon.svg', because: The system cannot find the path specified.
2022-10-11 21:16:33,144 [MainThread] WARNING: Qt: Cannot open file 'C:/Users/crrhe/AppData/Local/plover/plover/plugins/win/Python39/site-packages/spectra_lexer/qt/icon.svg', because: The system cannot find the path specified.
2022-10-11 21:16:35,763 [MainThread] WARNING: Qt: Cannot open file 'C:/Users/crrhe/AppData/Local/plover/plover/plugins/win/Python39/site-packages/spectra_lexer/qt/icon.svg', because: The system cannot find the path specified.
2022-10-11 21:16:35,809 [MainThread] WARNING: Qt: Cannot open file 'C:/Users/crrhe/AppData/Local/plover/plover/plugins/win/Python39/site-packages/spectra_lexer/qt/icon.svg', because: The system cannot find the path specified.
2022-10-11 21:16:50,021 [MainThread] WARNING: Qt: Cannot open file 'C:/Users/crrhe/AppData/Local/plover/plover/plugins/win/Python39/site-packages/spectra_lexer/qt/icon.svg', because: The system cannot find the path specified.
2022-10-11 21:16:50,054 [MainThread] WARNING: Qt: Cannot open file 'C:/Users/crrhe/AppData/Local/plover/plover/plugins/win/Python39/site-packages/spectra_lexer/qt/icon.svg', because: The system cannot find the path specified.
2022-10-11 21:16:51,949 [MainThread] WARNING: Qt: Cannot open file 'C:/Users/crrhe/AppData/Local/plover/plover/plugins/win/Python39/site-packages/spectra_lexer/qt/icon.svg', because: The system cannot find the path specified.
2022-10-11 21:16:51,989 [MainThread] WARNING: Qt: Cannot open file 'C:/Users/crrhe/AppData/Local/plover/plover/plugins/win/Python39/site-packages/spectra_lexer/qt/icon.svg', because: The system cannot find the path specified.
2022-10-11 21:16:58,509 [MainThread] WARNING: Qt: Cannot open file 'C:/Users/crrhe/AppData/Local/plover/plover/plugins/win/Python39/site-packages/spectra_lexer/qt/icon.svg', because: The system cannot find the path specified.
2022-10-11 21:16:58,547 [MainThread] WARNING: Qt: Cannot open file 'C:/Users/crrhe/AppData/Local/plover/plover/plugins/win/Python39/site-packages/spectra_lexer/qt/icon.svg', because: The system cannot find the path specified.
2022-10-11 21:17:02,780 [MainThread] WARNING: Qt: Cannot open file 'C:/Users/crrhe/AppData/Local/plover/plover/plugins/win/Python39/site-packages/spectra_lexer/qt/icon.svg', because: The system cannot find the path specified.
2022-10-11 21:17:02,802 [MainThread] WARNING: Qt: Cannot open file 'C:/Users/crrhe/AppData/Local/plover/plover/plugins/win/Python39/site-packages/spectra_lexer/qt/icon.svg', because: The system cannot find the path specified.
2022-10-11 21:17:17,836 [MainThread] WARNING: Qt: Cannot open file 'C:/Users/crrhe/AppData/Local/plover/plover/plugins/win/Python39/site-packages/spectra_lexer/qt/icon.svg', because: The system cannot find the path specified.
2022-10-11 21:17:17,883 [MainThread] WARNING: Qt: Cannot open file 'C:/Users/crrhe/AppData/Local/plover/plover/plugins/win/Python39/site-packages/spectra_lexer/qt/icon.svg', because: The system cannot find the path specified.
2022-10-11 21:17:19,907 [MainThread] WARNING: Qt: Cannot open file 'C:/Users/crrhe/AppData/Local/plover/plover/plugins/win/Python39/site-packages/spectra_lexer/qt/icon.svg', because: The system cannot find the path specified.
2022-10-11 21:17:20,224 [MainThread] WARNING: Qt: Cannot open file 'C:/Users/crrhe/AppData/Local/plover/plover/plugins/win/Python39/site-packages/spectra_lexer/qt/icon.svg', because: The system cannot find the path specified.
2022-10-11 21:17:20,655 [MainThread] WARNING: Qt: Cannot open file 'C:/Users/crrhe/AppData/Local/plover/plover/plugins/win/Python39/site-packages/spectra_lexer/qt/icon.svg', because: The system cannot find the path specified.
2022-10-11 21:17:23,664 [MainThread] WARNING: Qt: Cannot open file 'C:/Users/crrhe/AppData/Local/plover/plover/plugins/win/Python39/site-packages/spectra_lexer/qt/icon.svg', because: The system cannot find the path specified.
2022-10-11 21:17:23,683 [MainThread] WARNING: Qt: Cannot open file 'C:/Users/crrhe/AppData/Local/plover/plover/plugins/win/Python39/site-packages/spectra_lexer/qt/icon.svg', because: The system cannot find the path specified.
2022-10-11 21:18:40,768 [MainThread] WARNING: Qt: Cannot open file 'C:/Users/crrhe/AppData/Local/plover/plover/plugins/win/Python39/site-packages/spectra_lexer/qt/icon.svg', because: The system cannot find the path specified.
2022-10-11 21:18:40,819 [MainThread] WARNING: Qt: Cannot open file 'C:/Users/crrhe/AppData/Local/plover/plover/plugins/win/Python39/site-packages/spectra_lexer/qt/icon.svg', because: The system cannot find the path specified.
2022-10-11 21:18:41,430 [MainThread] WARNING: Qt: Cannot open file 'C:/Users/crrhe/AppData/Local/plover/plover/plugins/win/Python39/site-packages/spectra_lexer/qt/icon.svg', because: The system cannot find the path specified.
2022-10-11 21:18:41,460 [MainThread] WARNING: Qt: Cannot open file 'C:/Users/crrhe/AppData/Local/plover/plover/plugins/win/Python39/site-packages/spectra_lexer/qt/icon.svg', because: The system cannot find the path specified.
2022-10-11 21:18:42,851 [MainThread] WARNING: Qt: Cannot open file 'C:/Users/crrhe/AppData/Local/plover/plover/plugins/win/Python39/site-packages/spectra_lexer/qt/icon.svg', because: The system cannot find the path specified.
2022-10-11 21:18:42,881 [MainThread] WARNING: Qt: Cannot open file 'C:/Users/crrhe/AppData/Local/plover/plover/plugins/win/Python39/site-packages/spectra_lexer/qt/icon.svg', because: The system cannot find the path specified.
2022-10-11 21:18:43,723 [MainThread] WARNING: Qt: Cannot open file 'C:/Users/crrhe/AppData/Local/plover/plover/plugins/win/Python39/site-packages/spectra_lexer/qt/icon.svg', because: The system cannot find the path specified.
2022-10-11 21:18:43,759 [MainThread] WARNING: Qt: Cannot open file 'C:/Users/crrhe/AppData/Local/plover/plover/plugins/win/Python39/site-packages/spectra_lexer/qt/icon.svg', because: The system cannot find the path specified.
2022-10-11 21:18:44,231 [MainThread] WARNING: Qt: Cannot open file 'C:/Users/crrhe/AppData/Local/plover/plover/plugins/win/Python39/site-packages/spectra_lexer/qt/icon.svg', because: The system cannot find the path specified.
2022-10-11 21:18:44,262 [MainThread] WARNING: Qt: Cannot open file 'C:/Users/crrhe/AppData/Local/plover/plover/plugins/win/Python39/site-packages/spectra_lexer/qt/icon.svg', because: The system cannot find the path specified.
2022-10-11 21:18:44,840 [MainThread] WARNING: Qt: Cannot open file 'C:/Users/crrhe/AppData/Local/plover/plover/plugins/win/Python39/site-packages/spectra_lexer/qt/icon.svg', because: The system cannot find the path specified.
2022-10-11 21:18:44,871 [MainThread] WARNING: Qt: Cannot open file 'C:/Users/crrhe/AppData/Local/plover/plover/plugins/win/Python39/site-packages/spectra_lexer/qt/icon.svg', because: The system cannot find the path specified.
2022-10-11 21:20:10,751 [MainThread] WARNING: Qt: Cannot open file 'C:/Users/crrhe/AppData/Local/plover/plover/plugins/win/Python39/site-packages/spectra_lexer/qt/icon.svg', because: The system cannot find the path specified.
2022-10-11 21:20:10,804 [MainThread] WARNING: Qt: Cannot open file 'C:/Users/crrhe/AppData/Local/plover/plover/plugins/win/Python39/site-packages/spectra_lexer/qt/icon.svg', because: The system cannot find the path specified.
2022-10-11 21:20:22,095 [MainThread] WARNING: Qt: Cannot open file 'C:/Users/crrhe/AppData/Local/plover/plover/plugins/win/Python39/site-packages/spectra_lexer/qt/icon.svg', because: The system cannot find the path specified.
2022-10-11 21:20:22,118 [MainThread] WARNING: Qt: Cannot open file 'C:/Users/crrhe/AppData/Local/plover/plover/plugins/win/Python39/site-packages/spectra_lexer/qt/icon.svg', because: The system cannot find the path specified.
2022-10-11 21:21:07,712 [MainThread] WARNING: Qt: Cannot open file 'C:/Users/crrhe/AppData/Local/plover/plover/plugins/win/Python39/site-packages/spectra_lexer/qt/icon.svg', because: The system cannot find the path specified.
2022-10-11 21:21:07,753 [MainThread] WARNING: Qt: Cannot open file 'C:/Users/crrhe/AppData/Local/plover/plover/plugins/win/Python39/site-packages/spectra_lexer/qt/icon.svg', because: The system cannot find the path specified.
2022-10-11 21:21:09,904 [MainThread] WARNING: Qt: Cannot open file 'C:/Users/crrhe/AppData/Local/plover/plover/plugins/win/Python39/site-packages/spectra_lexer/qt/icon.svg', because: The system cannot find the path specified.
2022-10-11 21:21:09,943 [MainThread] WARNING: Qt: Cannot open file 'C:/Users/crrhe/AppData/Local/plover/plover/plugins/win/Python39/site-packages/spectra_lexer/qt/icon.svg', because: The system cannot find the path specified.
2022-10-11 21:21:10,028 [MainThread] WARNING: Qt: Cannot open file 'C:/Users/crrhe/AppData/Local/plover/plover/plugins/win/Python39/site-packages/spectra_lexer/qt/icon.svg', because: The system cannot find the path specified.
2022-10-11 21:21:10,075 [MainThread] WARNING: Qt: Cannot open file 'C:/Users/crrhe/AppData/Local/plover/plover/plugins/win/Python39/site-packages/spectra_lexer/qt/icon.svg', because: The system cannot find the path specified.
2022-10-11 21:21:11,598 [MainThread] WARNING: Qt: Cannot open file 'C:/Users/crrhe/AppData/Local/plover/plover/plugins/win/Python39/site-packages/spectra_lexer/qt/icon.svg', because: The system cannot find the path specified.
2022-10-11 21:21:11,629 [MainThread] WARNING: Qt: Cannot open file 'C:/Users/crrhe/AppData/Local/plover/plover/plugins/win/Python39/site-packages/spectra_lexer/qt/icon.svg', because: The system cannot find the path specified.
2022-10-11 21:21:12,286 [MainThread] WARNING: Qt: Cannot open file 'C:/Users/crrhe/AppData/Local/plover/plover/plugins/win/Python39/site-packages/spectra_lexer/qt/icon.svg', because: The system cannot find the path specified.
2022-10-11 21:21:12,317 [MainThread] WARNING: Qt: Cannot open file 'C:/Users/crrhe/AppData/Local/plover/plover/plugins/win/Python39/site-packages/spectra_lexer/qt/icon.svg', because: The system cannot find the path specified.
2022-10-11 21:21:12,471 [MainThread] WARNING: Qt: Cannot open file 'C:/Users/crrhe/AppData/Local/plover/plover/plugins/win/Python39/site-packages/spectra_lexer/qt/icon.svg', because: The system cannot find the path specified.
2022-10-11 21:21:12,499 [MainThread] WARNING: Qt: Cannot open file 'C:/Users/crrhe/AppData/Local/plover/plover/plugins/win/Python39/site-packages/spectra_lexer/qt/icon.svg', because: The system cannot find the path specified.
2022-10-11 21:21:13,269 [MainThread] WARNING: Qt: Cannot open file 'C:/Users/crrhe/AppData/Local/plover/plover/plugins/win/Python39/site-packages/spectra_lexer/qt/icon.svg', because: The system cannot find the path specified.
2022-10-11 21:21:13,299 [MainThread] WARNING: Qt: Cannot open file 'C:/Users/crrhe/AppData/Local/plover/plover/plugins/win/Python39/site-packages/spectra_lexer/qt/icon.svg', because: The system cannot find the path specified.
2022-10-11 21:21:15,420 [MainThread] WARNING: Qt: Cannot open file 'C:/Users/crrhe/AppData/Local/plover/plover/plugins/win/Python39/site-packages/spectra_lexer/qt/icon.svg', because: The system cannot find the path specified.
2022-10-11 21:21:16,438 [MainThread] WARNING: Qt: Cannot open file 'C:/Users/crrhe/AppData/Local/plover/plover/plugins/win/Python39/site-packages/spectra_lexer/qt/icon.svg', because: The system cannot find the path specified.
2022-10-11 21:21:30,702 [MainThread] WARNING: Qt: Cannot open file 'C:/Users/crrhe/AppData/Local/plover/plover/plugins/win/Python39/site-packages/spectra_lexer/qt/icon.svg', because: The system cannot find the path specified.
2022-10-11 21:21:30,725 [MainThread] WARNING: Qt: Cannot open file 'C:/Users/crrhe/AppData/Local/plover/plover/plugins/win/Python39/site-packages/spectra_lexer/qt/icon.svg', because: The system cannot find the path specified.
2022-10-11 21:21:31,341 [MainThread] WARNING: Qt: Cannot open file 'C:/Users/crrhe/AppData/Local/plover/plover/plugins/win/Python39/site-packages/spectra_lexer/qt/icon.svg', because: The system cannot find the path specified.
2022-10-11 21:21:31,388 [MainThread] WARNING: Qt: Cannot open file 'C:/Users/crrhe/AppData/Local/plover/plover/plugins/win/Python39/site-packages/spectra_lexer/qt/icon.svg', because: The system cannot find the path specified.
2022-10-11 21:21:31,523 [MainThread] WARNING: Qt: Cannot open file 'C:/Users/crrhe/AppData/Local/plover/plover/plugins/win/Python39/site-packages/spectra_lexer/qt/icon.svg', because: The system cannot find the path specified.
2022-10-11 21:21:31,563 [MainThread] WARNING: Qt: Cannot open file 'C:/Users/crrhe/AppData/Local/plover/plover/plugins/win/Python39/site-packages/spectra_lexer/qt/icon.svg', because: The system cannot find the path specified.
2022-10-11 21:21:32,677 [MainThread] WARNING: Qt: Cannot open file 'C:/Users/crrhe/AppData/Local/plover/plover/plugins/win/Python39/site-packages/spectra_lexer/qt/icon.svg', because: The system cannot find the path specified.
2022-10-11 21:21:32,738 [MainThread] WARNING: Qt: Cannot open file 'C:/Users/crrhe/AppData/Local/plover/plover/plugins/win/Python39/site-packages/spectra_lexer/qt/icon.svg', because: The system cannot find the path specified.
2022-10-11 21:21:32,789 [MainThread] WARNING: Qt: Cannot open file 'C:/Users/crrhe/AppData/Local/plover/plover/plugins/win/Python39/site-packages/spectra_lexer/qt/icon.svg', because: The system cannot find the path specified.
2022-10-11 21:21:32,910 [MainThread] WARNING: Qt: Cannot open file 'C:/Users/crrhe/AppData/Local/plover/plover/plugins/win/Python39/site-packages/spectra_lexer/qt/icon.svg', because: The system cannot find the path specified.
2022-10-11 21:21:33,345 [MainThread] WARNING: Qt: Cannot open file 'C:/Users/crrhe/AppData/Local/plover/plover/plugins/win/Python39/site-packages/spectra_lexer/qt/icon.svg', because: The system cannot find the path specified.
2022-10-11 21:21:33,396 [MainThread] WARNING: Qt: Cannot open file 'C:/Users/crrhe/AppData/Local/plover/plover/plugins/win/Python39/site-packages/spectra_lexer/qt/icon.svg', because: The system cannot find the path specified.
2022-10-12 20:47:23,860 [MainThread] INFO: setting language to: en_US
2022-10-12 20:47:26,282 [Dummy-1] INFO: set_stroke_filename(C:\Users\crrhe\AppData\Local\plover\plover)
2022-10-12 20:47:26,282 [Dummy-1] INFO: loading system: English Stenotype
2022-10-12 20:47:26,969 [Dummy-1] INFO: setting machine: Keyboard
2022-10-12 20:47:27,993 [Dummy-1] INFO: loading dictionary: c:\users\crrhe\appdata\local\plover\plover\commands.json
2022-10-12 20:47:27,993 [Dummy-1] INFO: loading dictionary: c:\users\crrhe\appdata\local\plover\plover\main.json
2022-10-12 20:47:28,013 [Dummy-1] INFO: loading dictionary: c:\users\crrhe\appdata\local\plover\plover\user.json
2022-10-12 20:47:29,755 [Dummy-1] INFO: loaded 3 dictionaries in 1.762s
2022-10-12 21:33:01,564 [Dummy-1] INFO: loaded 3 dictionaries in 0.000s
2022-10-12 21:33:01,944 [Dummy-1] INFO: loaded 3 dictionaries in 0.000s
